[INFO]: justin@codeup.rocks logged out. Timestamp: 2015-08-13 00:53:00
[INFO]: User: justin@codeup.rocks logged in. Timestamp: 2015-08-13 01:00:07
[INFO]: justin@codeup.rocks logged out. Timestamp: 2015-08-13 01:10:44
[ERROR]: User: justin@codeup.rocks failed to log in Timestamp: 2015-08-13 01:16:33
[INFO]: User: justin@codeup.rocks logged in. Timestamp: 2015-08-13 01:16:41
[INFO]: justin@codeup.rocks logged out. Timestamp: 2015-08-13 04:24:59
[INFO]: User: justin@codeup.rocks logged in. Timestamp: 2015-08-13 04:50:49
[INFO]: justin@codeup.rocks logged out. Timestamp: 2015-08-13 09:54:13
[INFO]: User: justin@codeup.rocks logged in. Timestamp: 2015-08-13 10:36:27
[INFO]: User: justin@codeup.rocks logged in. Timestamp: 2015-08-13 10:39:18
[INFO]: User: justin@codeup.rocks logged in. Timestamp: 2015-08-13 10:39:48
[INFO]: User: justin@codeup.rocks logged in. Timestamp: 2015-08-13 10:44:53
[ERROR]: User: justin@codeup.rocks failed to log in Timestamp: 2015-08-13 10:47:14
[INFO]: justin@codeup.rocks logged out. Timestamp: 2015-08-13 10:47:16
[ERROR]: User: justin@codeup.rocks failed to log in Timestamp: 2015-08-13 10:47:21
[ERROR]: User: justin@codeup.rocks failed to log in Timestamp: 2015-08-13 10:47:31
[ERROR]: User: justin@codeup.rocks failed to log in Timestamp: 2015-08-13 10:50:05
[ERROR]: User: justin@codeup.rocks failed to log in Timestamp: 2015-08-13 10:58:44
[ERROR]: User: justin@codeup.rocks failed to log in Timestamp: 2015-08-13 10:59:28
[ERROR]: User: justin@codeup.rocks failed to log in Timestamp: 2015-08-13 12:03:38
[ERROR]: User: justin@codeup.rocks failed to log in Timestamp: 2015-08-13 12:03:59
[ERROR]: User: justin@codeup.rocks failed to log in Timestamp: 2015-08-13 12:05:56
[ERROR]: User: justin@codeup.rocks failed to log in Timestamp: 2015-08-13 12:13:09
[ERROR]: User: justin@codeup.rocks failed to log in Timestamp: 2015-08-13 13:25:44
[INFO]: User: justin@codeup.rocks logged in. Timestamp: 2015-08-13 13:33:42
[INFO]: User: justin@codeup.rocks logged in. Timestamp: 2015-08-13 13:35:16
[INFO]: User: justin@codeup.rocks logged in. Timestamp: 2015-08-13 13:36:38
[INFO]: justin@codeup.rocks logged out. Timestamp: 2015-08-13 14:00:11
[INFO]: User: justin@codeup.rocks logged in. Timestamp: 2015-08-13 14:19:46
[INFO]: justin@codeup.rocks logged out. Timestamp: 2015-08-13 15:28:11
[INFO]: User: justin@codeup.rocks logged in. Timestamp: 2015-08-13 15:35:36
[INFO]: justin@codeup.rocks logged out. Timestamp: 2015-08-13 15:37:21
[INFO]: User: isaac@codeup.com logged in. Timestamp: 2015-08-13 15:38:04
[INFO]: isaac@codeup.com logged out. Timestamp: 2015-08-13 15:38:35
[INFO]: User: isaac@codeup.com logged in. Timestamp: 2015-08-13 15:38:50
[INFO]: isaac@codeup.com logged out. Timestamp: 2015-08-13 16:47:26
[INFO]: User: justin@codeup.rocks logged in. Timestamp: 2015-08-13 17:03:30
[INFO]: justin@codeup.rocks logged out. Timestamp: 2015-08-13 17:03:55
[INFO]: User: justin@codeup.rocks logged in. Timestamp: 2015-08-13 17:04:08
[INFO]: justin@codeup.rocks logged out. Timestamp: 2015-08-13 17:47:28
[INFO]: User: justin@codeup.rocks logged in. Timestamp: 2015-08-13 23:00:34
